This file contains any messages produced by compilers while
running configure, to aid debugging if configure makes a mistake.

It was created by stow configure 2.3.1, which was
generated by GNU Autoconf 2.69.  Invocation command line was

  $ ./configure --prefix=/users/guest/b/brs98/.local

## --------- ##
## Platform. ##
## --------- ##

hostname = windcave
uname -m = x86_64
uname -r = 5.4.0-26-generic
uname -s = Linux
uname -v = #30-Ubuntu SMP Mon Apr 20 16:58:30 UTC 2020

/usr/bin/uname -p = x86_64
/bin/uname -X     = unknown

/bin/arch              = x86_64
/usr/bin/arch -k       = unknown
/usr/convex/getsysinfo = unknown
/usr/bin/hostinfo      = unknown
/bin/machine           = unknown
/usr/bin/oslevel       = unknown
/bin/universe          = unknown

PATH: /usr/local/sbin
PATH: /usr/local/bin
PATH: /usr/sbin
PATH: /usr/bin
PATH: /sbin
PATH: /bin
PATH: /usr/games
PATH: /usr/local/games
PATH: /snap/bin


## ----------- ##
## Core tests. ##
## ----------- ##

configure:1760: checking for a BSD-compatible install
configure:1828: result: /usr/bin/install -c
configure:1839: checking whether build environment is sane
configure:1894: result: yes
configure:2043: checking for a thread-safe mkdir -p
configure:2082: result: /usr/bin/mkdir -p
configure:2089: checking for gawk
configure:2105: found /usr/bin/gawk
configure:2116: result: gawk
configure:2127: checking whether make sets $(MAKE)
configure:2149: result: yes
configure:2178: checking whether make supports nested variables
configure:2195: result: yes
configure:2327: checking for perl
configure:2345: found /usr/bin/perl
configure:2357: result: /usr/bin/perl
configure:2376: checking Test::More
configure:2380: result: yes
configure:2376: checking Test::Output
configure:2383: result: no
configure:2558: checking that generated files are newer than configure
configure:2564: result: done
configure:2572: creating ./config.status

## ---------------------- ##
## Running config.status. ##
## ---------------------- ##

This file was extended by stow config.status 2.3.1, which was
generated by GNU Autoconf 2.69.  Invocation command line was

  CONFIG_FILES    = 
  CONFIG_HEADERS  = 
  CONFIG_LINKS    = 
  CONFIG_COMMANDS = 
  $ ./config.status 

on windcave

config.status:740: creating Makefile

## ---------------- ##
## Cache variables. ##
## ---------------- ##

ac_cv_env_build_alias_set=
ac_cv_env_build_alias_value=
ac_cv_env_host_alias_set=
ac_cv_env_host_alias_value=
ac_cv_env_target_alias_set=
ac_cv_env_target_alias_value=
ac_cv_path_PERL=/usr/bin/perl
ac_cv_path_install='/usr/bin/install -c'
ac_cv_path_mkdir=/usr/bin/mkdir
ac_cv_prog_AWK=gawk
ac_cv_prog_make_make_set=yes
am_cv_make_support_nested_variables=yes

## ----------------- ##
## Output variables. ##
## ----------------- ##

ACLOCAL='${SHELL} /users/guest/b/brs98/.dotfiles/stow-2.3.1/automake/missing aclocal-1.14'
AMTAR='$${TAR-tar}'
AM_BACKSLASH='\'
AM_DEFAULT_V='$(AM_DEFAULT_VERBOSITY)'
AM_DEFAULT_VERBOSITY='1'
AM_V='$(V)'
AUTOCONF='${SHELL} /users/guest/b/brs98/.dotfiles/stow-2.3.1/automake/missing autoconf'
AUTOHEADER='${SHELL} /users/guest/b/brs98/.dotfiles/stow-2.3.1/automake/missing autoheader'
AUTOMAKE='${SHELL} /users/guest/b/brs98/.dotfiles/stow-2.3.1/automake/missing automake-1.14'
AWK='gawk'
CYGPATH_W='echo'
DEFS='-DPACKAGE_NAME=\"stow\" -DPACKAGE_TARNAME=\"stow\" -DPACKAGE_VERSION=\"2.3.1\" -DPACKAGE_STRING=\"stow\ 2.3.1\" -DPACKAGE_BUGREPORT=\"bug-stow@gnu.org\" -DPACKAGE_URL=\"\" -DPACKAGE=\"stow\" -DVERSION=\"2.3.1\"'
ECHO_C=''
ECHO_N='-n'
ECHO_T=''
INSTALL_DATA='${INSTALL} -m 644'
INSTALL_PROGRAM='${INSTALL}'
INSTALL_SCRIPT='${INSTALL}'
INSTALL_STRIP_PROGRAM='$(install_sh) -c -s'
LIBOBJS=''
LIBS=''
LTLIBOBJS=''
MAKEINFO='${SHELL} /users/guest/b/brs98/.dotfiles/stow-2.3.1/automake/missing makeinfo'
MKDIR_P='/usr/bin/mkdir -p'
PACKAGE='stow'
PACKAGE_BUGREPORT='bug-stow@gnu.org'
PACKAGE_NAME='stow'
PACKAGE_STRING='stow 2.3.1'
PACKAGE_TARNAME='stow'
PACKAGE_URL=''
PACKAGE_VERSION='2.3.1'
PATH_SEPARATOR=':'
PERL='/usr/bin/perl'
PMDIR='${prefix}/share/perl/5.30.0'
SET_MAKE=''
SHELL='/bin/bash'
STRIP=''
VERSION='2.3.1'
am__isrc=''
am__leading_dot='.'
am__tar='$${TAR-tar} chof - "$$tardir"'
am__untar='$${TAR-tar} xf -'
bindir='${exec_prefix}/bin'
build_alias=''
datadir='${datarootdir}'
datarootdir='${prefix}/share'
docdir='${datarootdir}/doc/${PACKAGE_TARNAME}'
dvidir='${docdir}'
exec_prefix='${prefix}'
host_alias=''
htmldir='${docdir}'
includedir='${prefix}/include'
infodir='${datarootdir}/info'
install_sh='${SHELL} /users/guest/b/brs98/.dotfiles/stow-2.3.1/automake/install-sh'
libdir='${exec_prefix}/lib'
libexecdir='${exec_prefix}/libexec'
localedir='${datarootdir}/locale'
localstatedir='${prefix}/var'
mandir='${datarootdir}/man'
mkdir_p='$(MKDIR_P)'
oldincludedir='/usr/include'
pdfdir='${docdir}'
prefix='/users/guest/b/brs98/.local'
program_transform_name='s,x,x,'
psdir='${docdir}'
sbindir='${exec_prefix}/sbin'
sharedstatedir='${prefix}/com'
sysconfdir='${prefix}/etc'
target_alias=''

## ----------- ##
## confdefs.h. ##
## ----------- ##

/* confdefs.h */
#define PACKAGE_NAME "stow"
#define PACKAGE_TARNAME "stow"
#define PACKAGE_VERSION "2.3.1"
#define PACKAGE_STRING "stow 2.3.1"
#define PACKAGE_BUGREPORT "bug-stow@gnu.org"
#define PACKAGE_URL ""
#define PACKAGE "stow"
#define VERSION "2.3.1"

configure: exit 0
